<?xml version="1.0" encoding="UTF-8"?>
<testsuite xmlns:xsi="http://www.w3.org/2001/XMLSchema-instance" xsi:noNamespaceSchemaLocation="https://maven.apache.org/surefire/maven-surefire-plugin/xsd/surefire-test-report-3.0.xsd" version="3.0" name="com.dm.impl.CommandRunnerImplTest" time="1.221" tests="4" errors="0" skipped="0" failures="0">
  <properties>
[...]
</properties>
  <testcase name="run_whenThrowIOException" classname="com.dm.impl.CommandRunnerImplTest" time="1.2">
    <system-out><![CDATA[{"@timestamp":"2025-10-28T17:00:38.986Z","log.level":"ERROR","message":"CMD ERROR: [throwing IO Exception], directory [null], command [[some, command]]","process.thread.name":"main","class":"com.dm.impl.CommandRunnerImpl","method":"run","line":55,"log.logger":"com.dm.impl.CommandRunnerImpl"}
]]></system-out>
  </testcase>
  <testcase name="run_whenMultipleLinesOutput" classname="com.dm.impl.CommandRunnerImplTest" time="0.004">
    <system-out><![CDATA[{"@timestamp":"2025-10-28T17:00:39.001Z","log.level":"INFO","message":"CMD EXECUTED: status [0], outputSize [4], time [1 ms], directory [null], command [[some, command]]","process.thread.name":"main","class":"com.dm.impl.CommandRunnerImpl","method":"run","line":46,"log.logger":"com.dm.impl.CommandRunnerImpl"}
]]></system-out>
  </testcase>
  <testcase name="run_whenThrowRuntimeException" classname="com.dm.impl.CommandRunnerImplTest" time="0.003">
    <system-out><![CDATA[{"@timestamp":"2025-10-28T17:00:39.004Z","log.level":"ERROR","message":"CMD ERROR: [throwing Runtime Exception], directory [null], command [[some, command]]","process.thread.name":"main","class":"com.dm.impl.CommandRunnerImpl","method":"run","line":55,"log.logger":"com.dm.impl.CommandRunnerImpl"}
]]></system-out>
  </testcase>
  <testcase name="run_whenOneLineOutput" classname="com.dm.impl.CommandRunnerImplTest" time="0.003">
    <system-out><![CDATA[{"@timestamp":"2025-10-28T17:00:39.008Z","log.level":"INFO","message":"CMD EXECUTED: status [0], outputSize [1], time [0 ms], directory [null], command [[some, command]]","process.thread.name":"main","class":"com.dm.impl.CommandRunnerImpl","method":"run","line":46,"log.logger":"com.dm.impl.CommandRunnerImpl"}
]]></system-out>
  </testcase>
</testsuite>